{"code":"ENOENT","errno":-4058,"expose":false,"level":"error","path":"C:\\Users\\m.matic\\Documents\\web-dev\\verteiltesystemeADM\\main.js\\src\\loginScript.js","service":"my-service","status":404,"statusCode":404,"syscall":"stat"}
{"code":"ENOENT","errno":-4058,"expose":false,"level":"error","path":"C:\\Users\\m.matic\\Documents\\web-dev\\verteiltesystemeADM\\main.js\\src\\loginScript.js","service":"my-service","status":404,"statusCode":404,"syscall":"stat"}
{"code":"ENOENT","errno":-4058,"expose":false,"level":"error","path":"C:\\Users\\m.matic\\Documents\\web-dev\\verteiltesystemeADM\\main.js\\src\\loginScript.js","service":"my-service","status":404,"statusCode":404,"syscall":"stat"}
{"level":"error","reason":{"commonWireVersion":0,"compatible":true,"heartbeatFrequencyMS":10000,"localThresholdMS":15,"logicalSessionTimeoutMinutes":null,"maxElectionId":null,"maxSetVersion":null,"servers":{},"setName":"atlas-nwl64f-shard-0","stale":false,"type":"ReplicaSetNoPrimary"},"service":"my-service"}
{"body":"{\r\n  \"tableNr\": \"1\",\r\n  \"capacity\": \"4\",\r\n  \"status\": true,\r\n}","expose":true,"level":"error","service":"my-service","status":400,"statusCode":400,"type":"entity.parse.failed"}
{"body":"{\r\n  \"tableNr\": \"1\",\r\n  \"capacity\": \"4\",\r\n  \"status\": true,\r\n}","expose":true,"level":"error","service":"my-service","status":400,"statusCode":400,"type":"entity.parse.failed"}
{"body":"{\r\n  \"tableNr\": \"1\",\r\n  \"capacity\": \"4\",\r\n  \"status\": true,\r\n}","expose":true,"level":"error","service":"my-service","status":400,"statusCode":400,"type":"entity.parse.failed"}
{"body":"{\r\n  \"tableNr\": \"1\",\r\n  \"capacity\": \"4\",\r\n  \"status\": true,\r\n}","expose":true,"level":"error","service":"my-service","status":400,"statusCode":400,"type":"entity.parse.failed"}
{"body":"{\r\n  \"tableNr\": \"1\",\r\n  \"capacity\": \"4\",\r\n  \"status\": true,\r\n}","expose":true,"level":"error","service":"my-service","status":400,"statusCode":400,"type":"entity.parse.failed"}
{"body":"{\r\n  \"tableNr\": \"1\",\r\n  \"capacity\": \"4\",\r\n  \"status\": true,\r\n}","expose":true,"level":"error","service":"my-service","status":400,"statusCode":400,"type":"entity.parse.failed"}
{"body":"{\r\n  \"tableNr\": \"1\",\r\n  \"capacity\": \"4\",\r\n  \"status\": true,\r\n}","expose":true,"level":"error","service":"my-service","status":400,"statusCode":400,"type":"entity.parse.failed"}
{"body":"{\r\n  \"tableNr\": \"1\",\r\n  \"capacity\": \"4\",\r\n  \"status\": true,\r\n}","expose":true,"level":"error","service":"my-service","status":400,"statusCode":400,"type":"entity.parse.failed"}
{"body":"{\r\n  \"tableNr\": \"1\",\r\n  \"capacity\": \"4\",\r\n  \"status\": 1,\r\n}","expose":true,"level":"error","service":"my-service","status":400,"statusCode":400,"type":"entity.parse.failed"}
{"body":"{\r\n  \"tableNr\": \"1\",\r\n  \"capacity\": \"4\",\r\n}","expose":true,"level":"error","service":"my-service","status":400,"statusCode":400,"type":"entity.parse.failed"}
{"body":"{\r\n  \"tableNr\": \"1\",\r\n  \"capacity\": \"4\",\r\n  \"status\": true,\r\n}","expose":true,"level":"error","service":"my-service","status":400,"statusCode":400,"type":"entity.parse.failed"}
{"body":"{\r\n  \"tableNr\": \"1\",\r\n  \"capacity\": \"4\",\r\n  \"status\": true,\r\n}","expose":true,"level":"error","service":"my-service","status":400,"statusCode":400,"type":"entity.parse.failed"}
{"body":"{\r\n  \"tableNr\": \"1\",\r\n  \"capacity\": \"4\",\r\n  \"status\": true,\r\n}","expose":true,"level":"error","service":"my-service","status":400,"statusCode":400,"type":"entity.parse.failed"}
{"body":"{\r\n  \"tableNr\": \"1\",\r\n  \"capacity\": \"4\",\r\n  \"status\": true,\r\n}","expose":true,"level":"error","service":"my-service","status":400,"statusCode":400,"type":"entity.parse.failed"}
{"body":"{\r\n  \"tableNr\": \"1\",\r\n  \"capacity\": \"4\",\r\n  \"status\": true,\r\n}","expose":true,"level":"error","service":"my-service","status":400,"statusCode":400,"type":"entity.parse.failed"}
{"body":"{\r\n  \"tableNr\": \"1\",\r\n  \"capacity\": \"4\",\r\n  \"status\": true,\r\n}","expose":true,"level":"error","service":"my-service","status":400,"statusCode":400,"type":"entity.parse.failed"}
{"body":"{\r\n  \"tableNr\": \"abcd\",\r\n  \"capacity\": \"4\",\r\n  \"status\": true,\r\n}","expose":true,"level":"error","service":"my-service","status":400,"statusCode":400,"type":"entity.parse.failed"}
{"body":"{\r\n  \"tableNr\": \"abcd\",\r\n  \"capacity\": \"4\",\r\n  \"status\": true,\r\n}","expose":true,"level":"error","service":"my-service","status":400,"statusCode":400,"type":"entity.parse.failed"}
{"body":"{\r\n  \"tableNr\": \"abcd\",\r\n  \"capacity\": \"4\",\r\n  \"status\": true,\r\n}","expose":true,"level":"error","service":"my-service","status":400,"statusCode":400,"type":"entity.parse.failed"}
{"body":"{\r\n  \"tableNr\": \"abcd\",\r\n  \"capacity\": \"4\",\r\n  \"status\": true,\r\n}","expose":true,"level":"error","service":"my-service","status":400,"statusCode":400,"type":"entity.parse.failed"}
{"body":"{\r\n  \"tableNr\": \"1\",\r\n  \"capacity\": \"4\",\r\n  \"status\": true,\r\n}","expose":true,"level":"error","service":"my-service","status":400,"statusCode":400,"type":"entity.parse.failed"}
{"body":"{\r\n  \"tableNr\": \"1\",\r\n  \"capacity\": \"4\",\r\n  \"status\": true,\r\n}","expose":true,"level":"error","service":"my-service","status":400,"statusCode":400,"type":"entity.parse.failed"}
{"body":"{\r\n  \"tableNr\": \"1\",\r\n  \"capacity\": \"4\",\r\n  \"status\": true,\r\n}","expose":true,"level":"error","service":"my-service","status":400,"statusCode":400,"type":"entity.parse.failed"}
{"body":"{\r\n  \"tableNr\": \"1\",\r\n  \"capacity\": \"4\",\r\n  \"status\": true,\r\n}","expose":true,"level":"error","service":"my-service","status":400,"statusCode":400,"type":"entity.parse.failed"}
{"body":"{\r\n  \"tableNr\": 1,\r\n  \"capacity\": 4,\r\n  \"status\": true,\r\n}","expose":true,"level":"error","service":"my-service","status":400,"statusCode":400,"type":"entity.parse.failed"}
{"body":"{\r\n  \"tableNr\": \"HAHAHA\",\r\n}","expose":true,"level":"error","service":"my-service","status":400,"statusCode":400,"type":"entity.parse.failed"}
{"body":"{\r\n  \"tableNr\": \"HAHAHA\",\r\n}","expose":true,"level":"error","service":"my-service","status":400,"statusCode":400,"type":"entity.parse.failed"}
{"body":"{\r\n  \"tableNr\": \"HAHAHA\",\r\n}","expose":true,"level":"error","service":"my-service","status":400,"statusCode":400,"type":"entity.parse.failed"}
{"body":"{\r\n  \"tableNr\": \"HAHAHA\",\r\n}","expose":true,"level":"error","service":"my-service","status":400,"statusCode":400,"type":"entity.parse.failed"}
{"body":"{\r\n  \"tableNr\": \"HAHAHA\",\r\n}","expose":true,"level":"error","service":"my-service","status":400,"statusCode":400,"type":"entity.parse.failed"}
{"body":"{\r\n  \"tableNr\": \"HAHAHA\",\r\n}","expose":true,"level":"error","service":"my-service","status":400,"statusCode":400,"type":"entity.parse.failed"}
{"body":"{\r\n  \"tableNr\": \"HAHAHA\",\r\n}","expose":true,"level":"error","service":"my-service","status":400,"statusCode":400,"type":"entity.parse.failed"}
{"body":"{\r\n  \"tableNr\": \"HAHAHA\",\r\n}","expose":true,"level":"error","service":"my-service","status":400,"statusCode":400,"type":"entity.parse.failed"}
{"body":"{\r\n  \"tableNr\": \"HAHAHA\",\r\n}","expose":true,"level":"error","service":"my-service","status":400,"statusCode":400,"type":"entity.parse.failed"}
{"body":"{\r\n  \"tableNr\": \"HAHAHA\",\r\n}","expose":true,"level":"error","service":"my-service","status":400,"statusCode":400,"type":"entity.parse.failed"}
{"body":"{\r\n  \"tableNr\": 1,\r\n  \"capacity\": 4,\r\n  \"status\": false,\r\n}","expose":true,"level":"error","service":"my-service","status":400,"statusCode":400,"type":"entity.parse.failed"}
{"body":"{\r\n  \"tableNr\": 1,\r\n  \"capacity\": 4,\r\n  \"status\": false,\r\n}","expose":true,"level":"error","service":"my-service","status":400,"statusCode":400,"type":"entity.parse.failed"}
{"body":"{\r\n  \"tableNr\": \"1\",\r\n  \"capacity\": \"4\",\r\n  \"status\": false,\r\n}","expose":true,"level":"error","service":"my-service","status":400,"statusCode":400,"type":"entity.parse.failed"}
{"body":"{\r\n  \"tableNr\": \"1\",\r\n  \"capacity\": \"4\",\r\n  \"status\": false,\r\n}","expose":true,"level":"error","service":"my-service","status":400,"statusCode":400,"type":"entity.parse.failed"}
{"body":"{\r\n  \"tableNr\": \"1\",\r\n  \"capacity\": \"4\",\r\n  \"status\": false,\r\n}","expose":true,"level":"error","service":"my-service","status":400,"statusCode":400,"type":"entity.parse.failed"}
{"body":"{\r\n  \"tableNr\": \"1\",\r\n  \"capacity\": \"4\",\r\n  \"status\": false,\r\n}","expose":true,"level":"error","service":"my-service","status":400,"statusCode":400,"type":"entity.parse.failed"}
{"body":"{\r\n  \"tableNr\": \"1\",\r\n  \"capacity\": \"4\",\r\n  \"status\": false,\r\n}","expose":true,"level":"error","service":"my-service","status":400,"statusCode":400,"type":"entity.parse.failed"}
{"body":"{\r\n  \"tableNr\": \"1\",\r\n  \"capacity\": \"4\",\r\n  \"status\": false,\r\n}","expose":true,"level":"error","service":"my-service","status":400,"statusCode":400,"type":"entity.parse.failed"}
{"body":"{\r\n  \"tableNr\": \"1\",\r\n  \"capacity\": \"4\",\r\n  \"status\": false,\r\n}","expose":true,"level":"error","service":"my-service","status":400,"statusCode":400,"type":"entity.parse.failed"}
{"body":"{\r\n  \"tableNr\": \"14\",\r\n  \"capacity\": \"20\",\r\n  \"status\": true,\r\n}","expose":true,"level":"error","service":"my-service","status":400,"statusCode":400,"type":"entity.parse.failed"}
{"body":"{\r\n  \"tableNr\": \"14\",\r\n  \"capacity\": \"20\",\r\n  \"status\": true,\r\n}","expose":true,"level":"error","service":"my-service","status":400,"statusCode":400,"type":"entity.parse.failed"}
